android-build/build/outputs/logs/manifest-merger-debug-report.txt
-- Merging decision tree log ---
manifest
ADDED from tetris/android-build/AndroidManifest.xml:2:1-100:12
INJECTED from tetris/android-build/AndroidManifest.xml:2:1-100:12
INJECTED from tetris/android-build/AndroidManifest.xml:2:1-100:12
INJECTED from tetris/android-build/AndroidManifest.xml:2:1-100:12
INJECTED from tetris/android-build/AndroidManifest.xml:2:1-100:12
	package
		ADDED from tetris/android-build/AndroidManifest.xml:2:11-49
	android:versionName
		ADDED from tetris/android-build/AndroidManifest.xml:2:109-134
		INJECTED from tetris/android-build/AndroidManifest.xml
		INJECTED from tetris/android-build/AndroidManifest.xml
	xmlns:android
		ADDED from tetris/android-build/AndroidManifest.xml:2:50-108
	android:versionCode
		ADDED from tetris/android-build/AndroidManifest.xml:2:135-158
		INJECTED from tetris/android-build/AndroidManifest.xml
		INJECTED from tetris/android-build/AndroidManifest.xml
	android:installLocation
		ADDED from tetris/android-build/AndroidManifest.xml:2:159-189
uses-sdk
ADDED from tetris/android-build/AndroidManifest.xml:3:5-73
	android:targetSdkVersion
		ADDED from tetris/android-build/AndroidManifest.xml:3:42-71
	android:minSdkVersion
		ADDED from tetris/android-build/AndroidManifest.xml:3:15-41
uses-permission#android.permission.ACCESS_NETWORK_STATE
ADDED from tetris/android-build/AndroidManifest.xml:7:9-83
	android:name
		ADDED from tetris/android-build/AndroidManifest.xml:7:26-80
uses-permission#android.permission.INTERNET
ADDED from tetris/android-build/AndroidManifest.xml:8:5-67
	android:name
		ADDED from tetris/android-build/AndroidManifest.xml:8:22-64
uses-permission#android.permission.WRITE_EXTERNAL_STORAGE
ADDED from tetris/android-build/AndroidManifest.xml:9:5-81
	android:name
		ADDED from tetris/android-build/AndroidManifest.xml:9:22-78
uses-permission#android.permission.CAMERA
ADDED from tetris/android-build/AndroidManifest.xml:10:5-65
	android:name
		ADDED from tetris/android-build/AndroidManifest.xml:10:22-62
uses-permission#android.permission.RECORD_AUDIO
ADDED from tetris/android-build/AndroidManifest.xml:11:5-71
	android:name
		ADDED from tetris/android-build/AndroidManifest.xml:11:22-68
uses-feature#android.hardware.camera
ADDED from tetris/android-build/AndroidManifest.xml:16:9-89
	android:required
		ADDED from tetris/android-build/AndroidManifest.xml:16:62-86
	android:name
		ADDED from tetris/android-build/AndroidManifest.xml:16:23-61
uses-feature#android.hardware.camera.autofocus
ADDED from tetris/android-build/AndroidManifest.xml:17:5-95
	android:required
		ADDED from tetris/android-build/AndroidManifest.xml:17:68-92
	android:name
		ADDED from tetris/android-build/AndroidManifest.xml:17:19-67
uses-feature#android.hardware.microphone
ADDED from tetris/android-build/AndroidManifest.xml:18:5-89
	android:required
		ADDED from tetris/android-build/AndroidManifest.xml:18:62-86
	android:name
		ADDED from tetris/android-build/AndroidManifest.xml:18:19-61
supports-screens
ADDED from tetris/android-build/AndroidManifest.xml:21:5-135
	android:largeScreens
		ADDED from tetris/android-build/AndroidManifest.xml:21:23-50
	android:smallScreens
		ADDED from tetris/android-build/AndroidManifest.xml:21:106-133
	android:normalScreens
		ADDED from tetris/android-build/AndroidManifest.xml:21:51-79
	android:anyDensity
		ADDED from tetris/android-build/AndroidManifest.xml:21:80-105
application
ADDED from tetris/android-build/AndroidManifest.xml:23:5-98:19
	android:label
		ADDED from tetris/android-build/AndroidManifest.xml:23:117-139
	android:hardwareAccelerated
		ADDED from tetris/android-build/AndroidManifest.xml:23:18-52
	android:name
		ADDED from tetris/android-build/AndroidManifest.xml:23:53-116
activity#org.qtproject.qt5.android.bindings.QtActivity
ADDED from tetris/android-build/AndroidManifest.xml:24:9-94:16
	android:screenOrientation
		ADDED from tetris/android-build/AndroidManifest.xml:27:19-58
	android:label
		ADDED from tetris/android-build/AndroidManifest.xml:26:19-41
	android:launchMode
		ADDED from tetris/android-build/AndroidManifest.xml:28:19-49
	android:configChanges
		ADDED from tetris/android-build/AndroidManifest.xml:24:19-188
	android:name
		ADDED from tetris/android-build/AndroidManifest.xml:25:19-79
intent-filter#action:name:android.intent.action.MAIN+category:name:android.intent.category.LAUNCHER
ADDED from tetris/android-build/AndroidManifest.xml:29:13-32:29
action#android.intent.action.MAIN
ADDED from tetris/android-build/AndroidManifest.xml:30:17-68
	android:name
		ADDED from tetris/android-build/AndroidManifest.xml:30:25-66
category#android.intent.category.LAUNCHER
ADDED from tetris/android-build/AndroidManifest.xml:31:17-76
	android:name
		ADDED from tetris/android-build/AndroidManifest.xml:31:27-74
meta-data#android.app.lib_name
ADDED from tetris/android-build/AndroidManifest.xml:38:13-84
	android:value
		ADDED from tetris/android-build/AndroidManifest.xml:38:60-82
	android:name
		ADDED from tetris/android-build/AndroidManifest.xml:38:24-59
meta-data#android.app.qt_sources_resource_id
ADDED from tetris/android-build/AndroidManifest.xml:39:13-112
	android:resource
		ADDED from tetris/android-build/AndroidManifest.xml:39:74-110
	android:name
		ADDED from tetris/android-build/AndroidManifest.xml:39:24-73
meta-data#android.app.repository
ADDED from tetris/android-build/AndroidManifest.xml:40:13-87
	android:value
		ADDED from tetris/android-build/AndroidManifest.xml:40:62-85
	android:name
		ADDED from tetris/android-build/AndroidManifest.xml:40:24-61
meta-data#android.app.qt_libs_resource_id
ADDED from tetris/android-build/AndroidManifest.xml:41:13-106
	android:resource
		ADDED from tetris/android-build/AndroidManifest.xml:41:71-104
	android:name
		ADDED from tetris/android-build/AndroidManifest.xml:41:24-70
meta-data#android.app.bundled_libs_resource_id
ADDED from tetris/android-build/AndroidManifest.xml:42:13-116
	android:resource
		ADDED from tetris/android-build/AndroidManifest.xml:42:76-114
	android:name
		ADDED from tetris/android-build/AndroidManifest.xml:42:24-75
meta-data#android.app.bundle_local_qt_libs
ADDED from tetris/android-build/AndroidManifest.xml:44:13-91
	android:value
		ADDED from tetris/android-build/AndroidManifest.xml:44:72-89
	android:name
		ADDED from tetris/android-build/AndroidManifest.xml:44:24-71
meta-data#android.app.bundled_in_lib_resource_id
ADDED from tetris/android-build/AndroidManifest.xml:45:13-120
	android:resource
		ADDED from tetris/android-build/AndroidManifest.xml:45:78-118
	android:name
		ADDED from tetris/android-build/AndroidManifest.xml:45:24-77
meta-data#android.app.bundled_in_assets_resource_id
ADDED from tetris/android-build/AndroidManifest.xml:46:13-126
	android:resource
		ADDED from tetris/android-build/AndroidManifest.xml:46:81-124
	android:name
		ADDED from tetris/android-build/AndroidManifest.xml:46:24-80
meta-data#android.app.use_local_qt_libs
ADDED from tetris/android-build/AndroidManifest.xml:48:13-88
	android:value
		ADDED from tetris/android-build/AndroidManifest.xml:48:69-86
	android:name
		ADDED from tetris/android-build/AndroidManifest.xml:48:24-68
meta-data#android.app.libs_prefix
ADDED from tetris/android-build/AndroidManifest.xml:49:13-100
	android:value
		ADDED from tetris/android-build/AndroidManifest.xml:49:63-98
	android:name
		ADDED from tetris/android-build/AndroidManifest.xml:49:24-62
meta-data#android.app.load_local_libs
ADDED from tetris/android-build/AndroidManifest.xml:50:13-208
	android:value
		ADDED from tetris/android-build/AndroidManifest.xml:50:67-206
	android:name
		ADDED from tetris/android-build/AndroidManifest.xml:50:24-66
meta-data#android.app.load_local_jars
ADDED from tetris/android-build/AndroidManifest.xml:51:13-147
	android:value
		ADDED from tetris/android-build/AndroidManifest.xml:51:67-145
	android:name
		ADDED from tetris/android-build/AndroidManifest.xml:51:24-66
meta-data#android.app.static_init_classes
ADDED from tetris/android-build/AndroidManifest.xml:52:13-143
	android:value
		ADDED from tetris/android-build/AndroidManifest.xml:52:71-141
	android:name
		ADDED from tetris/android-build/AndroidManifest.xml:52:24-70
meta-data#android.app.ministro_not_found_msg
ADDED from tetris/android-build/AndroidManifest.xml:56:13-122
	android:value
		ADDED from tetris/android-build/AndroidManifest.xml:56:24-70
	android:name
		ADDED from tetris/android-build/AndroidManifest.xml:56:71-120
meta-data#android.app.ministro_needed_msg
ADDED from tetris/android-build/AndroidManifest.xml:57:13-116
	android:value
		ADDED from tetris/android-build/AndroidManifest.xml:57:24-67
	android:name
		ADDED from tetris/android-build/AndroidManifest.xml:57:68-114
meta-data#android.app.fatal_error_msg
ADDED from tetris/android-build/AndroidManifest.xml:58:13-108
	android:value
		ADDED from tetris/android-build/AndroidManifest.xml:58:24-63
	android:name
		ADDED from tetris/android-build/AndroidManifest.xml:58:64-106
meta-data#android.app.unsupported_android_version
ADDED from tetris/android-build/AndroidManifest.xml:59:13-132
	android:value
		ADDED from tetris/android-build/AndroidManifest.xml:59:24-75
	android:name
		ADDED from tetris/android-build/AndroidManifest.xml:59:76-130
meta-data#android.app.background_running
ADDED from tetris/android-build/AndroidManifest.xml:78:13-93
	android:value
		ADDED from tetris/android-build/AndroidManifest.xml:78:70-91
	android:name
		ADDED from tetris/android-build/AndroidManifest.xml:78:24-69
meta-data#android.app.auto_screen_scale_factor
ADDED from tetris/android-build/AndroidManifest.xml:82:13-99
	android:value
		ADDED from tetris/android-build/AndroidManifest.xml:82:76-97
	android:name
		ADDED from tetris/android-build/AndroidManifest.xml:82:24-75
meta-data#android.app.extract_android_style
ADDED from tetris/android-build/AndroidManifest.xml:92:13-98
	android:value
		ADDED from tetris/android-build/AndroidManifest.xml:92:73-96
	android:name
		ADDED from tetris/android-build/AndroidManifest.xml:92:24-72